2026-05-10T17:03:46+0200	session_id=abcdef123456	matcher=other	cwd=/Users/coen/Developer/swift-institute
2026-05-10T17:17:23+0200	session_id=ce795953-467	matcher=-	cwd=/Users/coen/Developer/swift-institute/Research
2026-05-10T19:01:53+0200	session_id=d9efc5a6-c50	matcher=-	cwd=/Users/coen/Developer
2026-05-10T21:59:00+0200	session_id=c073b19d-ea3	matcher=-	cwd=/Users/coen/Developer/swift-foundations/swift-linter-rules
2026-05-10T22:08:38+0200	session_id=e59f3c0a-757	matcher=-	cwd=/Users/coen/Developer/swift-institute/Audits
2026-05-10T22:12:04+0200	session_id=65391aff-42d	matcher=-	cwd=/Users/coen/Developer/swift-institute/Skills
2026-05-10T23:00:47+0200	session_id=1ac4c7a3-31a	matcher=-	cwd=/Users/coen/Developer
2026-05-11T06:59:40+0200	session_id=85c74693-973	matcher=-	cwd=/Users/coen/Developer/swift-institute/Skills
2026-05-11T07:33:32+0200	session_id=bef5408c-475	matcher=-	cwd=/Users/coen/Developer/swift-institute/Skills
2026-05-11T08:24:24+0200	session_id=e6c5ce36-85d	matcher=-	cwd=/Users/coen/Developer/swift-institute/Skills
2026-05-11T08:48:12+0200	session_id=d7fc0503-01f	matcher=-	cwd=/Users/coen/Developer/swift-institute/Engagement
2026-05-11T10:21:31+0200	session_id=452af2f8-8b9	matcher=-	cwd=/Users/coen/Developer/swift-iec/.github
2026-05-11T10:21:41+0200	session_id=b5ba66a7-ba1	matcher=-	cwd=/Users/coen/Developer/swift-institute/.github
2026-05-11T11:04:45+0200	session_id=d7fc0503-01f	matcher=-	cwd=/Users/coen/Developer/swift-institute/Engagement
2026-05-11T12:15:43+0200	session_id=08e0dc7b-95e	matcher=-	cwd=/Users/coen/Developer/swift-iso/swift-iso-32000
2026-05-11T12:42:14+0200	session_id=0bc74744-ec5	matcher=-	cwd=/Users/coen/Developer/swift-primitives/swift-linter-primitives
2026-05-11T13:29:37+0200	session_id=95d98708-8ee	matcher=-	cwd=/Users/coen/Developer
2026-05-11T13:30:55+0200	session_id=92ed0394-554	matcher=-	cwd=/Users/coen/Developer/swift-foundations/swift-kernel
2026-05-11T13:31:01+0200	session_id=26f5ee99-886	matcher=-	cwd=/Users/coen/Developer
2026-05-11T13:31:25+0200	session_id=5e167524-a7f	matcher=-	cwd=/Users/coen/Developer/swift-foundations/swift-executors
2026-05-11T13:42:36+0200	session_id=24a6fc30-201	matcher=-	cwd=/Users/coen/Developer/swift-institute/Audits
2026-05-11T14:39:48+0200	session_id=c58f9855-433	matcher=-	cwd=/Users/coen/Developer/swift-primitives/swift-linter-primitives
2026-05-11T14:42:50+0200	session_id=5a78fb12-343	matcher=-	cwd=/Users/coen/Developer/swift-foundations/swift-linter-rules
2026-05-11T16:49:10+0200	session_id=ddca816e-d04	matcher=-	cwd=/Users/coen/Developer/tenthijeboonkkamp/timekeeping
2026-05-11T17:14:53+0200	session_id=ee6e8997-3ec	matcher=-	cwd=/Users/coen/Developer
2026-05-11T17:50:46+0200	session_id=19306817-54c	matcher=-	cwd=/Users/coen/Developer/swift-primitives
2026-05-11T20:44:45+0200	session_id=9512e326-6b2	matcher=-	cwd=/Users/coen/Developer
2026-05-11T21:01:44+0200	session_id=52f3e8c3-8f2	matcher=-	cwd=/Users/coen/Developer/swift-primitives/swift-standard-library-extensions
2026-05-11T21:04:52+0200	session_id=b034a87e-38f	matcher=-	cwd=/Users/coen/Developer/swift-foundations/swift-pdf-html-render
2026-05-11T21:05:44+0200	session_id=ae581abb-29c	matcher=-	cwd=/Users/coen/Developer
2026-05-11T21:06:29+0200	session_id=fb4775f7-be0	matcher=-	cwd=/Users/coen/Developer/swift-institute/Issues/swift-issue-pointer-arithmetic-linux-miscompile
2026-05-11T21:31:14+0200	session_id=c98f0994-bbc	matcher=-	cwd=/Users/coen/Developer/swift-institute/Scripts
2026-05-11T22:14:01+0200	session_id=9494c50d-85e	matcher=-	cwd=/Users/coen/Developer/swift-institute/Audits
2026-05-11T22:23:26+0200	session_id=05fc1038-2b7	matcher=-	cwd=/Users/coen/Developer/coenttb/swift-document-templates
2026-05-11T22:30:15+0200	session_id=a5795f06-9a8	matcher=-	cwd=/Users/coen/Developer/swift-institute/Issues
2026-05-11T22:42:28+0200	session_id=5f0e066d-c8d	matcher=-	cwd=/Users/coen/Developer/swift-institute/Issues
2026-05-11T22:42:38+0200	session_id=0afab74e-ff4	matcher=-	cwd=/Users/coen/Developer/swift-institute/Research
2026-05-11T22:49:17+0200	session_id=fa425269-ba6	matcher=-	cwd=/Users/coen/Developer/swift-institute/Research
2026-05-12T07:51:13+0200	session_id=54b3a96c-145	matcher=-	cwd=/Users/coen/Developer/swift-institute/Research
2026-05-12T07:53:50+0200	session_id=95a35edc-a3b	matcher=-	cwd=/Users/coen/Developer/swift-institute/Research
2026-05-12T09:36:13+0200	session_id=01eccdc9-2a1	matcher=-	cwd=/Users/coen/Developer/swift-primitives/swift-standard-library-extensions
2026-05-12T09:45:52+0200	session_id=f04337c2-c8f	matcher=-	cwd=/Users/coen/Developer/swift-institute/Skills
2026-05-12T10:29:17+0200	session_id=215bbd1a-5c5	matcher=-	cwd=/Users/coen/Developer
2026-05-12T11:36:39+0200	session_id=1e5b1c27-618	matcher=-	cwd=/Users/coen/Developer
2026-05-12T11:53:57+0200	session_id=cc53c7b8-93f	matcher=-	cwd=/Users/coen/Developer/swift-primitives/swift-coproduct-primitives
2026-05-12T13:21:12+0200	session_id=7a0c5c77-94e	matcher=-	cwd=/Users/coen/Developer/tenthijeboonkkamp/timekeeping
2026-05-12T14:44:28+0200	session_id=ad26d470-10e	matcher=-	cwd=/Users/coen/Developer/swift-primitives/swift-carrier-primitives
2026-05-12T15:51:18+0200	session_id=ecbf2f10-a0b	matcher=-	cwd=/Users/coen/Developer/swift-primitives/swift-linter-primitives
2026-05-12T16:04:15+0200	session_id=5e26c051-3bc	matcher=-	cwd=/Users/coen/Developer/swift-foundations/swift-pdf-html-render
2026-05-12T16:53:32+0200	session_id=fea4f84a-ffb	matcher=-	cwd=/Users/coen/Developer/swift-primitives/swift-affine-primitives
2026-05-12T18:54:37+0200	session_id=db8f37be-65a	matcher=-	cwd=/Users/coen/Developer
2026-05-12T19:16:48+0200	session_id=d7de197e-ce6	matcher=-	cwd=/Users/coen/Developer/swift-primitives/swift-primitives-linter-rules
2026-05-12T20:25:52+0200	session_id=a09cd4eb-5a7	matcher=-	cwd=/Users/coen/Developer
2026-05-12T20:26:38+0200	session_id=c2ff65a1-43c	matcher=-	cwd=/Users/coen/Developer
2026-05-12T21:29:58+0200	session_id=3fbda7fb-249	matcher=-	cwd=/Users/coen/Developer/swift-primitives/swift-glob-primitives
2026-05-12T22:03:26+0200	session_id=00a9865e-c7e	matcher=-	cwd=/Users/coen/Developer/swift-foundations/swift-linter
2026-05-12T22:34:38+0200	session_id=6f583cb0-d94	matcher=-	cwd=/Users/coen/Developer/swift-primitives/swift-input-primitives
2026-05-13T07:08:13+0200	session_id=43bacdae-7ef	matcher=-	cwd=/Users/coen/Developer
2026-05-13T07:35:37+0200	session_id=5eba10d7-5d7	matcher=-	cwd=/Users/coen/Developer/tenthijeboonkkamp/timekeeping
2026-05-13T07:51:52+0200	session_id=f58c98a1-a94	matcher=-	cwd=/Users/coen/Developer/swift-foundations/swift-pdf-html-render/Sources/PDF HTML Rendering/CSS
2026-05-13T08:00:13+0200	session_id=25e9aa88-3d2	matcher=-	cwd=/Users/coen/Developer
2026-05-13T08:15:29+0200	session_id=4d4e3fba-4d2	matcher=-	cwd=/Users/coen/Developer
2026-05-13T09:41:30+0200	session_id=4c47523f-f6e	matcher=-	cwd=/Users/coen/Developer/swift-foundations/swift-linter
2026-05-13T09:55:05+0200	session_id=dd21e488-c73	matcher=-	cwd=/Users/coen/Developer/swift-primitives/swift-order-primitives
2026-05-13T09:57:05+0200	session_id=e2326f47-a66	matcher=-	cwd=/Users/coen/Developer/swift-primitives/swift-version-primitives
2026-05-13T10:15:53+0200	session_id=d2ded6ed-bfd	matcher=-	cwd=/Users/coen/Developer/swift-foundations/swift-linter-rules
2026-05-13T10:28:53+0200	session_id=92ac262d-e54	matcher=-	cwd=/Users/coen/Developer/swift-institute/Skills
2026-05-13T11:03:20+0200	session_id=6127cd34-b9a	matcher=-	cwd=/Users/coen/Developer/swift-primitives/swift-primitives-linter-rules
2026-05-13T11:13:32+0200	session_id=008af4ca-3ea	matcher=-	cwd=/Users/coen/Developer/swift-primitives/swift-cyclic-primitives
2026-05-13T11:21:51+0200	session_id=5c1271f8-e73	matcher=-	cwd=/Users/coen/Developer
2026-05-13T11:22:59+0200	session_id=33bc6721-c7a	matcher=-	cwd=/Users/coen/Developer/swift-primitives/swift-sequence-primitives
2026-05-13T11:27:31+0200	session_id=46631c0f-157	matcher=-	cwd=/Users/coen/Developer/swift-primitives/swift-formatter-primitives
2026-05-13T11:30:48+0200	session_id=7a2f3401-5c5	matcher=-	cwd=/Users/coen/Developer
2026-05-13T11:50:27+0200	session_id=a0b55bf3-2cc	matcher=-	cwd=/Users/coen/Developer/swift-primitives/.github
2026-05-13T12:26:39+0200	session_id=69fc603c-a5b	matcher=-	cwd=/Users/coen/Developer/swift-foundations/swift-parsers
2026-05-13T12:55:26+0200	session_id=742e9649-3cf	matcher=-	cwd=/Users/coen/Developer/swift-foundations/swift-linter
2026-05-13T13:06:51+0200	session_id=bb80e082-076	matcher=-	cwd=/Users/coen/Developer/swift-primitives/swift-cyclic-primitives
2026-05-13T13:17:41+0200	session_id=6682022f-623	matcher=-	cwd=/Users/coen/Developer/swift-primitives/swift-cyclic-primitives
2026-05-13T13:46:20+0200	session_id=701bad2a-f4c	matcher=-	cwd=/Users/coen/Developer/swift-primitives/swift-machine-primitives
2026-05-13T14:19:38+0200	session_id=9d4da1f1-fd0	matcher=-	cwd=/Users/coen/Developer/swift-foundations/swift-linter
2026-05-13T14:26:08+0200	session_id=b150d8ee-0d4	matcher=-	cwd=/Users/coen/Developer
2026-05-13T14:29:24+0200	session_id=41f20967-098	matcher=-	cwd=/Users/coen/Developer/swift-institute/Audits
2026-05-13T14:39:08+0200	session_id=8eab6ee1-525	matcher=-	cwd=/Users/coen/Developer/swift-institute/Audits
2026-05-13T14:48:39+0200	session_id=e498f356-59e	matcher=-	cwd=/Users/coen/Developer/swift-primitives/swift-parser-machine-primitives
2026-05-13T15:34:36+0200	session_id=7eb97e78-cc2	matcher=-	cwd=/Users/coen/Developer/swift-foundations/swift-linter
2026-05-13T17:44:50+0200	session_id=2dd8a6c9-34e	matcher=-	cwd=/Users/coen/Developer/swift-institute/Research
2026-05-13T17:59:00+0200	session_id=8337771e-107	matcher=-	cwd=/Users/coen/Developer/swift-foundations/swift-linter
2026-05-13T19:31:58+0200	session_id=4ceededd-81f	matcher=-	cwd=/Users/coen/Developer/swift-institute/Audits
2026-05-13T20:05:31+0200	session_id=4af40794-b8c	matcher=-	cwd=/Users/coen/Developer
2026-05-13T21:24:38+0200	session_id=1f807ede-49b	matcher=-	cwd=/Users/coen/Developer/swift-primitives/swift-parser-primitives
2026-05-13T21:25:52+0200	session_id=851ceca9-a69	matcher=-	cwd=/Users/coen/Developer/swift-institute/Research
2026-05-13T22:55:41+0200	session_id=915911f7-827	matcher=-	cwd=/Users/coen/Developer/swift-foundations/swift-linter
2026-05-14T07:23:48+0200	session_id=fe76cc9a-1f6	matcher=-	cwd=/Users/coen/Developer/swift-institute/Experiments
2026-05-14T07:28:49+0200	session_id=98b315d7-b6d	matcher=-	cwd=/Users/coen/Developer
2026-05-14T07:30:42+0200	session_id=8b398412-983	matcher=-	cwd=/Users/coen/Developer/swift-foundations/swift-institute-linter-rules
2026-05-14T07:46:09+0200	session_id=98b315d7-b6d	matcher=-	cwd=/Users/coen/Developer
2026-05-14T11:36:10+0200	session_id=8ab7f06a-570	matcher=-	cwd=/Users/coen/Developer/swift-institute/.github/.github/scripts/tests
2026-05-14T11:52:48+0200	session_id=80fcb6bb-6cf	matcher=-	cwd=/Users/coen/Developer/swift-institute/Audits
2026-05-14T11:53:11+0200	session_id=dae2461d-4f2	matcher=-	cwd=/Users/coen/Developer
2026-05-14T11:54:27+0200	session_id=d73801ca-eee	matcher=-	cwd=/Users/coen/Developer/swift-institute/Research
2026-05-14T11:54:30+0200	session_id=55969dc3-c4c	matcher=-	cwd=/Users/coen/Developer/swift-institute/Research
2026-05-14T11:54:35+0200	session_id=b847dd62-24b	matcher=-	cwd=/Users/coen/Developer
2026-05-14T12:05:55+0200	session_id=80331809-1fc	matcher=-	cwd=/Users/coen/Developer/swift-institute/Experiments
2026-05-14T13:37:45+0200	session_id=f91f3f25-d42	matcher=-	cwd=/Users/coen/Developer/swift-institute/Research
2026-05-14T13:55:53+0200	session_id=9ff0de8e-bf0	matcher=-	cwd=/Users/coen/Developer/swift-foundations/swift-package-graph
2026-05-14T14:13:07+0200	session_id=b8864c29-a00	matcher=-	cwd=/Users/coen/Developer/swift-institute/.github/.github/scripts/tests
2026-05-14T15:04:24+0200	session_id=1483ef61-b02	matcher=-	cwd=/Users/coen/Developer/swift-foundations/swift-impact
2026-05-14T15:10:32+0200	session_id=286c6e03-5c4	matcher=-	cwd=/Users/coen/Developer/swift-foundations/swift-manifests
2026-05-14T15:30:06+0200	session_id=2ab90157-589	matcher=-	cwd=/Users/coen/Developer/swift-institute/Audits
2026-05-14T15:57:40+0200	session_id=f4901c8a-fad	matcher=-	cwd=/Users/coen/Developer
2026-05-14T15:57:43+0200	session_id=5095616d-53a	matcher=-	cwd=/Users/coen/Developer/swift-primitives/swift-primitives-linter-rules
2026-05-14T15:58:02+0200	session_id=25e9aa88-3d2	matcher=-	cwd=/Users/coen/Developer/tenthijeboonkkamp/timekeeping/Invoices/DemenTree
2026-05-14T15:58:03+0200	session_id=a2627038-0dc	matcher=-	cwd=/Users/coen/Developer/swift-standards
2026-05-14T16:00:59+0200	session_id=2fde14f2-cce	matcher=-	cwd=/Users/coen/Developer
2026-05-14T16:01:01+0200	session_id=bab5a488-7b4	matcher=-	cwd=/Users/coen/Developer
2026-05-14T16:28:25+0200	session_id=9b1034cf-f3f	matcher=-	cwd=/Users/coen/Developer
2026-05-14T17:07:04+0200	session_id=b1ab8da9-578	matcher=-	cwd=/Users/coen/Developer
2026-05-14T20:00:41+0200	session_id=596a3d49-1bb	matcher=-	cwd=/Users/coen/Developer/swift-institute/.github
2026-05-14T20:19:54+0200	session_id=7895b617-835	matcher=-	cwd=/Users/coen/Developer/swift-foundations/swift-ascii
2026-05-14T20:21:36+0200	session_id=dfd43324-1ce	matcher=-	cwd=/Users/coen/Developer/swift-foundations/swift-json/Experiments/double-json-binary-dual-conformance
2026-05-14T20:24:28+0200	session_id=3cade804-dda	matcher=-	cwd=/Users/coen/Developer/swift-institute/Audits
2026-05-14T20:53:31+0200	session_id=13ab7189-0f0	matcher=-	cwd=/Users/coen/Developer/swift-institute/Audits
2026-05-14T21:05:14+0200	session_id=5a39e849-9d0	matcher=-	cwd=/Users/coen/Developer
2026-05-14T21:23:14+0200	session_id=a1af428a-433	matcher=-	cwd=/Users/coen/Developer/swift-institute/Audits
2026-05-14T22:08:07+0200	session_id=f477a77c-46b	matcher=-	cwd=/Users/coen/Developer
2026-05-15T07:35:55+0200	session_id=6b1a0fde-0b5	matcher=-	cwd=/Users/coen/Developer/swift-institute/.github
2026-05-15T07:58:55+0200	session_id=ea7f0ccb-998	matcher=-	cwd=/Users/coen/Developer/swift-institute/Audits
2026-05-15T09:08:11+0200	session_id=6c857b59-229	matcher=-	cwd=/Users/coen/Developer/swift-institute/Audits
2026-05-15T09:34:25+0200	session_id=807dec29-6f3	matcher=-	cwd=/Users/coen/Developer/swift-foundations/swift-package-graph
2026-05-15T09:58:20+0200	session_id=b1834f37-cf9	matcher=-	cwd=/Users/coen/Developer/swift-foundations/swift-impact
2026-05-15T10:02:46+0200	session_id=064f319e-4eb	matcher=-	cwd=/Users/coen/Developer/swift-foundations/swift-institute-linter-rules
2026-05-15T12:06:53+0200	session_id=59de2443-dd9	matcher=-	cwd=/Users/coen/Developer/swift-primitives/swift-serializer-primitives
2026-05-15T16:14:59+0200	session_id=f4df5625-e49	matcher=-	cwd=/Users/coen/Developer
2026-05-15T18:57:20+0200	session_id=15ffe38b-12a	matcher=-	cwd=/Users/coen/Developer/swift-institute/Skills
2026-05-15T19:38:44+0200	session_id=1d3cc7f4-2ba	matcher=-	cwd=/Users/coen/Developer/swift-institute/Audits
2026-05-15T19:40:10+0200	session_id=afa6913d-d72	matcher=-	cwd=/Users/coen/Developer/swift-foundations/swift-linter-rules
2026-05-15T19:40:49+0200	session_id=84f2ea33-d10	matcher=-	cwd=/Users/coen/Developer
2026-05-16T00:43:58+0200	session_id=82c611d6-01f	matcher=-	cwd=/Users/coen/Developer/swift-institute/Research
2026-05-16T07:33:44+0200	session_id=7994704b-7ec	matcher=-	cwd=/Users/coen/Developer/swift-institute
2026-05-16T07:35:19+0200	session_id=bc8c497d-8cc	matcher=-	cwd=/Users/coen/Developer
2026-05-16T10:09:03+0200	session_id=aebeb1b0-9de	matcher=-	cwd=/Users/coen/Developer/swift-primitives/swift-ascii-parser-primitives
2026-05-17T17:56:15+0200	session_id=17d6441c-4a3	matcher=-	cwd=/Users/coen/Developer/swift-institute/Research
2026-05-17T20:11:48+0200	session_id=8e31e111-406	matcher=-	cwd=/Users/coen/Developer/swift-institute/Research
2026-05-17T20:23:55+0200	session_id=af9e6e56-283	matcher=-	cwd=/Users/coen/Developer/swift-foundations/swift-institute-linter-rules
2026-05-17T20:56:58+0200	session_id=2f47328a-ac4	matcher=-	cwd=/Users/coen/Developer/swift-institute/Audits
2026-05-17T21:21:20+0200	session_id=4207acf2-443	matcher=-	cwd=/Users/coen/Developer/swift-institute/Research
2026-05-18T09:33:24+0200	session_id=2d2f23ae-fc3	matcher=-	cwd=/Users/coen/Developer/swift-institute/Experiments
2026-05-18T10:24:08+0200	session_id=571b9b97-354	matcher=-	cwd=/Users/coen/Developer/swift-foundations/swift-linter
2026-05-18T10:24:23+0200	session_id=f3284d46-2ea	matcher=-	cwd=/Users/coen/Developer/swift-primitives/swift-range-primitives
2026-05-18T10:34:13+0200	session_id=6db597d8-2ae	matcher=-	cwd=/Users/coen/Developer/swift-institute/Experiments
2026-05-18T12:11:29+0200	session_id=11630625-1c0	matcher=-	cwd=/Users/coen/Developer/swift-institute/Research
2026-05-18T12:50:52+0200	session_id=8176ce8e-f0d	matcher=-	cwd=/Users/coen/Developer/swift-institute/Research
2026-05-18T12:50:58+0200	session_id=2c23f1d4-9ea	matcher=-	cwd=/Users/coen/Developer/swift-institute/Research
2026-05-18T13:52:50+0200	session_id=e5aee1ad-b3b	matcher=-	cwd=/Users/coen/Developer/swift-institute/Research
2026-05-18T13:52:53+0200	session_id=5f92700c-cc5	matcher=-	cwd=/Users/coen/Developer/swift-institute/Research
2026-05-18T14:11:14+0200	session_id=65408a8f-dcb	matcher=-	cwd=/Users/coen/Developer/swift-primitives/swift-parser-primitives
2026-05-18T14:13:18+0200	session_id=6ed290d9-658	matcher=-	cwd=/Users/coen/Developer/swift-foundations/swift-linter
2026-05-18T16:21:06+0200	session_id=255d05f0-e7a	matcher=-	cwd=/Users/coen/Developer/swift-institute
2026-05-18T18:34:36+0200	session_id=a7a3e02c-b26	matcher=-	cwd=/Users/coen/Developer/swift-institute/Research
2026-05-19T09:13:41+0200	session_id=5acdb6a8-9d3	matcher=-	cwd=/Users/coen/Developer/swift-primitives/swift-ordinal-primitives
2026-05-19T13:06:45+0200	session_id=17157007-969	matcher=-	cwd=/Users/coen/Developer/swift-primitives/swift-ascii-primitives
2026-05-19T13:39:23+0200	session_id=c8681321-3ba	matcher=-	cwd=/Users/coen/Developer
2026-05-19T15:55:54+0200	session_id=62c48615-ee0	matcher=-	cwd=/Users/coen/Developer/swift-primitives/swift-vector-primitives
2026-05-19T17:10:54+0200	session_id=b38f02c6-a0c	matcher=-	cwd=/Users/coen/Developer/swift-institute/Research
2026-05-19T17:45:04+0200	session_id=baa95c34-3f8	matcher=-	cwd=/Users/coen/Developer/swift-foundations
2026-05-19T20:46:03+0200	session_id=490af736-0e8	matcher=-	cwd=/Users/coen/Developer/swift-institute/Research
2026-05-19T22:21:47+0200	session_id=7e417f1d-da8	matcher=-	cwd=/Users/coen/Developer
2026-05-20T07:43:25+0200	session_id=07bf34b7-dae	matcher=-	cwd=/Users/coen/Developer/swift-primitives/swift-ascii-primitives
2026-05-20T07:53:44+0200	session_id=f54b4515-de3	matcher=-	cwd=/Users/coen/Developer/swift-foundations/swift-arguments
2026-05-20T08:03:48+0200	session_id=646a502f-71b	matcher=-	cwd=/Users/coen/Developer/swift-institute/Research
2026-05-20T08:08:10+0200	session_id=b6d9fd72-637	matcher=-	cwd=/Users/coen/Developer
2026-05-20T08:08:12+0200	session_id=ff45b2c3-11e	matcher=-	cwd=/Users/coen/Developer/swiftlang/swift-foundation
2026-05-20T08:09:38+0200	session_id=d51cb0a5-d0c	matcher=-	cwd=/Users/coen/Developer/swift-institute/Research
2026-05-20T08:11:13+0200	session_id=ce68b99d-265	matcher=-	cwd=/Users/coen/Developer/swift-institute/Research
2026-05-20T09:05:04+0200	session_id=0a993af1-d83	matcher=-	cwd=/Users/coen/Developer/swift-primitives/swift-binary-primitives
2026-05-20T09:55:56+0200	session_id=b26b8751-f72	matcher=-	cwd=/Users/coen/Developer/swift-institute/Research
2026-05-20T10:11:58+0200	session_id=85d82172-da8	matcher=-	cwd=/Users/coen/Developer/swift-institute/Research
2026-05-20T10:17:02+0200	session_id=3d0a2052-8fb	matcher=-	cwd=/Users/coen/Developer/swift-institute/Research
2026-05-20T11:59:23+0200	session_id=f1f0f8d2-4a6	matcher=-	cwd=/Users/coen/Developer
2026-05-20T12:20:38+0200	session_id=645cc310-eec	matcher=-	cwd=/Users/coen/Developer/swift-primitives/swift-binary-primitives
2026-05-20T13:57:58+0200	session_id=894a5433-b3b	matcher=-	cwd=/Users/coen/Developer/swift-primitives/swift-vector-primitives
2026-05-20T14:44:01+0200	session_id=2327edf1-03a	matcher=-	cwd=/Users/coen/Developer/swift-foundations/swift-json
2026-05-20T14:44:25+0200	session_id=47a226e1-3c1	matcher=-	cwd=/Users/coen/Developer/swift-foundations/swift-json
2026-05-20T14:45:12+0200	session_id=3211d5e8-095	matcher=-	cwd=/Users/coen/Developer/swift-primitives/swift-binary-parser-primitives
2026-05-20T14:47:52+0200	session_id=cd7274af-682	matcher=-	cwd=/Users/coen/Developer/swift-primitives/swift-buffer-primitives
2026-05-20T14:49:29+0200	session_id=78638f26-745	matcher=-	cwd=/Users/coen/Developer/swift-primitives/swift-binary-leb128-primitives
2026-05-20T15:03:07+0200	session_id=0339bef8-401	matcher=-	cwd=/Users/coen/Developer/swift-primitives/swift-version-primitives
2026-05-20T17:36:39+0200	session_id=12e9e376-855	matcher=-	cwd=/Users/coen/Developer/swift-primitives/swift-binary-primitives
2026-05-20T17:44:05+0200	session_id=8046d2c8-0e5	matcher=-	cwd=/Users/coen/Developer/swift-primitives
2026-05-20T21:08:22+0200	session_id=d0fb2e6f-48b	matcher=-	cwd=/Users/coen/Developer
2026-05-20T21:09:06+0200	session_id=e2e4577b-bfe	matcher=-	cwd=/Users/coen/Developer/swift-incits/swift-incits-4-1986
2026-05-20T21:09:20+0200	session_id=84231293-71b	matcher=-	cwd=/Users/coen/Developer/swift-foundations/swift-linter
2026-05-20T22:12:22+0200	session_id=90fc00cc-00e	matcher=-	cwd=/Users/coen/Developer/swift-foundations/swift-ascii
2026-05-21T01:54:15+0200	session_id=924863b1-97d	matcher=-	cwd=/Users/coen/Developer/swift-institute/Research
2026-05-21T01:56:01+0200	session_id=9438345f-0ae	matcher=-	cwd=/Users/coen/Developer/swift-foundations/swift-linter
2026-05-21T01:57:11+0200	session_id=4fc3505b-34f	matcher=-	cwd=/Users/coen/Developer
2026-05-21T10:24:03+0200	session_id=6bfac7cc-630	matcher=-	cwd=/Users/coen/Developer/swift-primitives/swift-binary-primitives
2026-05-21T13:49:54+0200	session_id=a7372851-03d	matcher=-	cwd=/Users/coen/Developer
2026-05-21T14:01:41+0200	session_id=1b4f3235-47a	matcher=-	cwd=/Users/coen/Developer/swift-institute/Experiments
2026-05-21T14:06:06+0200	session_id=00e515a8-a2c	matcher=-	cwd=/Users/coen/Developer/swift-foundations/swift-linter
2026-05-21T16:18:51+0200	session_id=09d4d37d-790	matcher=-	cwd=/Users/coen/Developer/swift-primitives/swift-cardinal-primitives
2026-05-21T16:23:16+0200	session_id=0a5bed19-3b1	matcher=-	cwd=/Users/coen/Developer
2026-05-21T18:03:09+0200	session_id=bc593b39-15d	matcher=-	cwd=/Users/coen/Developer/swift-primitives/swift-sequence-primitives
2026-05-21T22:40:01+0200	session_id=f54ee3b3-81a	matcher=-	cwd=/Users/coen/Developer/swift-institute/.github
2026-05-21T22:41:36+0200	session_id=f54ee3b3-81a	matcher=-	cwd=/Users/coen/Developer
2026-05-22T08:41:01+0200	session_id=c0e0ae6a-881	matcher=-	cwd=/Users/coen/Developer/swift-institute/Research
2026-05-22T08:43:32+0200	session_id=e1ef0bd6-a42	matcher=-	cwd=/Users/coen/Developer/swift-primitives/swift-equation-primitives
2026-05-22T08:47:24+0200	session_id=ab04f6b8-cc7	matcher=-	cwd=/Users/coen/Developer
2026-05-22T09:16:54+0200	session_id=f59bf403-b43	matcher=-	cwd=/Users/coen/Developer/swift-institute/Audits
2026-05-22T09:28:27+0200	session_id=bfc0045f-16a	matcher=-	cwd=/Users/coen/Developer/swift-institute/Research
2026-05-22T09:51:58+0200	session_id=ba496517-c36	matcher=-	cwd=/Users/coen/Developer/swift-institute
2026-05-22T09:56:55+0200	session_id=8d9452c3-f18	matcher=-	cwd=/Users/coen/Developer
2026-05-22T09:59:37+0200	session_id=31fdaf0c-5b2	matcher=-	cwd=/Users/coen/Developer/swift-primitives/swift-memory-primitives
